<?xml version="1.0" encoding="UTF-8"?>
<Site BuildName="Linux-c++"
	BuildStamp="20210221-1803-Experimental"
	Name="b6161abc4177"
	Generator="ctest-3.13.4"
	CompilerName="/usr/bin/c++"
	CompilerVersion="8.3.0"
	OSName="Linux"
	Hostname="b6161abc4177"
	OSRelease="5.10.11-v7+"
	OSVersion="#1399 SMP Thu Jan 28 12:06:05 GMT 2021"
	OSPlatform="armv7l"
	Is64Bits="0"
	VendorString=""
	VendorID="Unknown Manufacturer"
	FamilyID="7"
	ModelID="0"
	ProcessorCacheSize="0"
	NumberOfLogicalCPU="4"
	NumberOfPhysicalCPU="1"
	TotalVirtualMemory="99"
	TotalPhysicalMemory="924"
	LogicalProcessorsPerPhysical="4"
	ProcessorClockFrequency="0"
	>
	<Testing>
		<StartDateTime>Feb 21 19:03 CET</StartDateTime>
		<StartTestTime>1613930605</StartTestTime>
		<TestList/>
		<EndDateTime>Feb 21 19:03 CET</EndDateTime>
		<EndTestTime>1613930605</EndTestTime>
		<ElapsedMinutes>0</ElapsedMinutes>
	</Testing>
</Site>
